<?xml version="1.0" encoding="UTF-8"?>
<testng-results ignored="0" total="2" passed="2" failed="0" skipped="0">
  <reporter-output>
  </reporter-output>
  <suite started-at="2023-10-20T10:10:40 IST" name="Suite" finished-at="2023-10-20T10:11:01 IST" duration-ms="20325">
    <groups>
    </groups>
    <test started-at="2023-10-20T10:10:40 IST" name="Test" finished-at="2023-10-20T10:11:01 IST" duration-ms="20325">
      <class name="TestCases.VerifySignup">
        <test-method is-config="true" signature="launchBrowser()[pri:0, instance:TestCases.VerifySignup@36fc695d]" started-at="2023-10-20T10:10:46 IST" name="launchBrowser" finished-at="2023-10-20T10:10:49 IST" duration-ms="3041" status="PASS">
          <reporter-output>
          </reporter-output>
        </test-method> <!-- launchBrowser -->
        <test-method signature="signup()[pri:0, instance:TestCases.VerifySignup@36fc695d]" started-at="2023-10-20T10:10:49 IST" name="signup" finished-at="2023-10-20T10:11:00 IST" duration-ms="11653" status="PASS">
          <reporter-output>
          </reporter-output>
        </test-method> <!-- signup -->
        <test-method is-config="true" signature="quitBrowser()[pri:0, instance:TestCases.VerifySignup@36fc695d]" started-at="2023-10-20T10:11:00 IST" name="quitBrowser" finished-at="2023-10-20T10:11:01 IST" duration-ms="365" status="PASS">
          <reporter-output>
          </reporter-output>
        </test-method> <!-- quitBrowser -->
      </class> <!-- TestCases.VerifySignup -->
      <class name="TestCases.VerifyLogin">
        <test-method is-config="true" signature="launchBrowser()[pri:0, instance:TestCases.VerifyLogin@31304f14]" started-at="2023-10-20T10:10:40 IST" name="launchBrowser" finished-at="2023-10-20T10:10:45 IST" duration-ms="4335" status="PASS">
          <reporter-output>
          </reporter-output>
        </test-method> <!-- launchBrowser -->
        <test-method signature="login()[pri:0, instance:TestCases.VerifyLogin@31304f14]" started-at="2023-10-20T10:10:45 IST" name="login" finished-at="2023-10-20T10:10:45 IST" duration-ms="670" status="PASS">
          <reporter-output>
          </reporter-output>
        </test-method> <!-- login -->
        <test-method is-config="true" signature="quitBrowser()[pri:0, instance:TestCases.VerifyLogin@31304f14]" started-at="2023-10-20T10:10:45 IST" name="quitBrowser" finished-at="2023-10-20T10:10:46 IST" duration-ms="206" status="PASS">
          <reporter-output>
          </reporter-output>
        </test-method> <!-- quitBrowser -->
      </class> <!-- TestCases.VerifyLogin -->
    </test> <!-- Test -->
  </suite> <!-- Suite -->
</testng-results>
